00000000 OPR 2020-07-26 16:06:59.976 10228   775 "WARNING: Warning: Could not load /opt/HPCCSystems/7.10.0/clienttools/filehooks/libgitfile.dylib: dlopen(/opt/HPCCSystems/7.10.0/clienttools/filehooks/libgitfile.dylib, 2): Library not loaded: /usr/local/opt/openssl@1.1/lib/libssl.1.1.dylib
  Referenced from: /opt/HPCCSystems/7.10.0/clienttools/filehooks/libgitfile.dylib
  Reason: image not found"
00000001 PRG 2020-07-26 16:06:59.978 10228   775 "File hook library /opt/HPCCSystems/7.10.0/clienttools/filehooks/libgitfile.dylib could not be loaded"
00000002 PRG 2020-07-26 16:06:59.981 10228   775 "Loading library /opt/HPCCSystems/7.10.0/clienttools/plugins/lib_keylib.ecllib"
00000003 PRG 2020-07-26 16:06:59.985 10228   775 "Loading plugin /opt/HPCCSystems/7.10.0/clienttools/plugins/libdebugservices.dylib[lib_debugservices] version = DEBUGSERVICES 1.0.1"
00000004 PRG 2020-07-26 16:06:59.988 10228   775 "Loading library /opt/HPCCSystems/7.10.0/clienttools/plugins/python.ecllib"
00000005 PRG 2020-07-26 16:06:59.989 10228   775 "Loading library /opt/HPCCSystems/7.10.0/clienttools/plugins/python3.ecllib"
00000006 PRG 2020-07-26 16:06:59.991 10228   775 "Loading library /opt/HPCCSystems/7.10.0/clienttools/plugins/javascript.ecllib"
00000007 PRG 2020-07-26 16:06:59.991 10228   775 "Loading library /opt/HPCCSystems/7.10.0/clienttools/plugins/lib_cryptolib.ecllib"
00000008 PRG 2020-07-26 16:06:59.991 10228   775 "Loading library /opt/HPCCSystems/7.10.0/clienttools/plugins/lib_metaphone3.ecllib"
00000009 PRG 2020-07-26 16:07:00.007 10228   775 "Loading plugin /opt/HPCCSystems/7.10.0/clienttools/plugins/libunicodelib.dylib[lib_unicodelib] version = UNICODELIB 1.1.06"
0000000A PRG 2020-07-26 16:07:00.008 10228   775 "Loading library /opt/HPCCSystems/7.10.0/clienttools/plugins/lib_thorlib.ecllib"
0000000B PRG 2020-07-26 16:07:00.008 10228   775 "Loading library /opt/HPCCSystems/7.10.0/clienttools/plugins/sqlite3.ecllib"
0000000C PRG 2020-07-26 16:07:00.008 10228   775 "Loading library /opt/HPCCSystems/7.10.0/clienttools/plugins/lib_metaphone.ecllib"
0000000D PRG 2020-07-26 16:07:00.017 10228   775 "Loading library /opt/HPCCSystems/7.10.0/clienttools/plugins/mysql.ecllib"
0000000E PRG 2020-07-26 16:07:00.017 10228   775 "Loading library /opt/HPCCSystems/7.10.0/clienttools/plugins/lib_memcached.ecllib"
0000000F PRG 2020-07-26 16:07:00.017 10228   775 "Loading library /opt/HPCCSystems/7.10.0/clienttools/plugins/couchbase.ecllib"
00000010 PRG 2020-07-26 16:07:00.025 10228   775 "Loading plugin /opt/HPCCSystems/7.10.0/clienttools/plugins/liblogging.dylib[lib_logging] version = LOGGING 1.0.1"
00000011 PRG 2020-07-26 16:07:00.026 10228   775 "Loading library /opt/HPCCSystems/7.10.0/clienttools/plugins/lib_redis.ecllib"
00000012 PRG 2020-07-26 16:07:00.026 10228   775 "Loading library /opt/HPCCSystems/7.10.0/clienttools/plugins/lib_eclblas.ecllib"
00000013 PRG 2020-07-26 16:07:00.026 10228   775 "Loading library /opt/HPCCSystems/7.10.0/clienttools/plugins/lib_h3.ecllib"
00000014 PRG 2020-07-26 16:07:00.026 10228   775 "Loading library /opt/HPCCSystems/7.10.0/clienttools/plugins/kafka.ecllib"
00000015 PRG 2020-07-26 16:07:00.026 10228   775 "Loading library /opt/HPCCSystems/7.10.0/clienttools/plugins/lib_word.ecllib"
00000016 PRG 2020-07-26 16:07:00.031 10228   775 "Loading library /opt/HPCCSystems/7.10.0/clienttools/plugins/sqs.ecllib"
00000017 PRG 2020-07-26 16:07:00.211 10228   775 "Loading plugin /opt/HPCCSystems/7.10.0/clienttools/plugins/libfileservices.dylib[lib_fileservices] version = FILESERVICES 2.1.4"
00000018 PRG 2020-07-26 16:07:00.328 10228   775 "Loading plugin /opt/HPCCSystems/7.10.0/clienttools/plugins/libparselib.dylib[lib_parselib] version = PARSELIB 1.0.1"
00000019 PRG 2020-07-26 16:07:00.351 10228   775 "Loading plugin /opt/HPCCSystems/7.10.0/clienttools/plugins/libworkunitservices.dylib[lib_WORKUNITSERVICES] version = WORKUNITSERVICES 1.0.2"
0000001A PRG 2020-07-26 16:07:00.364 10228   775 "Loading plugin /opt/HPCCSystems/7.10.0/clienttools/plugins/libtimelib.dylib[lib_timelib] version = TIMELIB 1.0.0"
0000001B PRG 2020-07-26 16:07:00.364 10228   775 "Loading library /opt/HPCCSystems/7.10.0/clienttools/plugins/java.ecllib"
0000001C PRG 2020-07-26 16:07:00.379 10228   775 "Loading plugin /opt/HPCCSystems/7.10.0/clienttools/plugins/libstringlib.dylib[lib_stringlib] version = STRINGLIB 1.1.14"
0000001D PRG 2020-07-26 16:07:00.379 10228   775 "Loading library /opt/HPCCSystems/7.10.0/clienttools/plugins/R.ecllib"
0000001E PRG 2020-07-26 16:07:00.379 10228   775 "Loading library /opt/HPCCSystems/7.10.0/clienttools/plugins/lib_saltlib.ecllib"
0000001F PRG 2020-07-26 16:07:00.389 10228   775 "Loading plugin /opt/HPCCSystems/7.10.0/clienttools/plugins/libauditlib.dylib[lib_auditlib] version = AUDITLIB 1.0.1"
